#===============================================================================================================================================================================
#     Step |         Time |         State |                                     Energy |      Angular |     Gradient |      Density |           Expectation Value |    Runtime |
#          |              |  diag |   MCH |          kin |          pot |          tot |     Momentum |          RMS |        Total |           DM |            S |            |
#          |         [fs] |       |       |         [eV] |         [eV] |         [eV] |       [hbar] |     [eV/Ang] |              |      [Debye] |              |      [sec] |
#===============================================================================================================================================================================
         0        0.00000       2       2       0.063989       9.224369       9.288358       0.000000       2.435145       1.000000       0.511352       0.000000        35624
         1        0.25000       2       2       0.070520       9.217347       9.287867       0.000649       2.389049       1.000000       0.532732       0.000000         7704
         2        0.50000       2       2       0.089541       9.197110       9.286651       0.001112       2.270488       1.000000       0.585840       0.000000         7834
         3        0.75000       2       2       0.119682       9.165404       9.285087       0.000544       2.113653       1.000000       0.651184       0.000000         7447
         4        1.00000       2       2       0.159427       9.124024       9.283451       0.004771       1.942499       1.000000       0.715198       0.000000         7479
         5        1.25000       2       2       0.207448       9.074511       9.281959       0.011270       1.770391       1.000000       0.771799       0.000000         7251
         6        1.50000       2       2       0.262641       9.018086       9.280728       0.019326       1.603774       1.000000       0.819383       0.000000         7424
         7        1.75000       2       2       0.324102       8.955681       9.279783       0.028271       1.445022       1.000000       0.858662       0.000000         7124
         8        2.00000       2       2       0.391091       8.888000       9.279091       0.037545       1.296324       1.000000       0.891048       0.000000         7738
         9        2.25000       2       2       0.462999       8.815596       9.278595       0.046688       1.159289       1.000000       0.917914       0.000000         7147
        10        2.50000       2       2       0.539338       8.738907       9.278245       0.055395       1.036516       1.000000       0.940373       0.000000         7587
        11        2.75000       2       2       0.619710       8.658293       9.278003       0.063491       0.931644       1.000000       0.959351       0.000000         7282
        12        3.00000       2       2       0.703785       8.574052       9.277837       0.070903       0.848939       1.000000       0.975547       0.000000         7220
        13        3.25000       2       2       0.791266       8.486455       9.277721       0.077617       0.792086       1.000000       0.989481       0.000000         7364
        14        3.50000       2       2       0.881854       8.395776       9.277630       0.083610       0.762803       1.000000       1.001759       0.000000         7294
        15        3.75000       2       2       0.975211       8.302338       9.277549       0.088851       0.759742       1.000000       1.012941       0.000000        13735
        16        4.00000       2       2       1.070926       8.206541       9.277467       0.093374       0.778531       1.000000       1.023608       0.000000        11741
        17        4.25000       2       2       1.168485       8.108896       9.277381       0.097258       0.813297       1.000000       1.034438       0.000000        14519
        18        4.50000       2       2       1.267254       8.010030       9.277284       0.100512       0.858125       1.000000       1.046362       0.000000        11754
        19        4.75000       2       2       1.366485       7.910696       9.277181       0.103189       0.908363       1.000000       1.060472       0.000000        10486
        20        5.00000       2       2       1.465336       7.811733       9.277068       0.105461       0.960476       1.000000       1.078193       0.000000        13327
        21        5.25000       2       2       1.562925       7.714032       9.276958       0.107577       1.011728       1.000000       1.101408       0.000000        10737
        22        5.50000       2       2       1.658375       7.618460       9.276836       0.109608       1.060789       1.000000       1.132964       0.000000         9589
        23        5.75000       2       2       1.750910       7.525781       9.276691       0.111502       1.105013       1.000000       1.176930       0.000000        14554
        24        6.00000       2       2       1.839981       7.436542       9.276523       0.113205       1.143102       1.000000       1.239258       0.000000        14301
        25        6.25000       2       2       1.925396       7.350879       9.276275       0.114398       1.171472       1.000000       1.329884       0.000000        14016
        26        6.50000       2       2       2.007487       7.268355       9.275842       0.114662       1.186243       1.000000       1.462267       0.000000        15262
        27        6.75000       2       2       2.087267       7.187746       9.275013       0.113633       1.183945       1.000000       1.652197       0.000000        12068
        28        7.00000       2       2       2.166281       7.107308       9.273589       0.111669       1.171046       1.000000       1.904654       0.000000        10415
        29        7.25000       2       2       2.246161       7.025555       9.271716       0.109453       1.157044       1.000000       2.200339       0.000000        12177
        30        7.50000       2       2       2.328198       6.941685       9.269883       0.107107       1.151976       1.000000       2.504905       0.000000        13883
        31        7.75000       2       2       2.413209       6.855163       9.268373       0.104625       1.158462       1.000000       2.792438       0.000000        14439
        32        8.00000       2       2       2.501667       6.765585       9.267252       0.102142       1.174613       1.000000       3.050766       0.000000        15557
        33        8.25000       2       2       2.593644       6.672913       9.266557       0.099777       1.197534       1.000000       3.275826       0.000000        11211
        34        8.50000       2       2       2.688537       6.577757       9.266294       0.097511       1.224223       1.000000       3.467464       0.000000        12844
        35        8.75000       2       2       2.784721       6.481647       9.266369       0.095302       1.252238       1.000000       3.627132       0.000000        17481
        36        9.00000       2       2       2.879287       6.387260       9.266546       0.093268       1.279632       1.000000       3.757175       0.000000        15687
        37        9.25000       2       2       2.968084       6.298510       9.266595       0.091639       1.305150       1.000000       3.860103       0.000000        16982
        38        9.50000       2       2       3.045992       6.220447       9.266439       0.090532       1.327576       1.000000       3.937631       0.000000        11846
        39        9.75000       2       2       3.107371       6.158788       9.266159       0.089905       1.345493       1.000000       3.989739       0.000000        14460
        40       10.00000       2       2       3.146859       6.119053       9.265912       0.089624       1.357001       1.000000       4.014521       0.000000        15448
