! 1 Hamiltonian Matrix (2x2, complex)
2 2
-7.795901006E+001  0.000000000E+000  0.000000000E+000  0.000000000E+000 
 0.000000000E+000  0.000000000E+000 -7.783172894E+001  0.000000000E+000 

! 2 Dipole Moment Matrices (3x2x2, complex)
2 2
-3.848801621E-001  0.000000000E+000  1.284955911E-001  0.000000000E+000 
 1.284955911E-001  0.000000000E+000  1.579433868E+000  0.000000000E+000 
2 2
 5.932702590E-008  0.000000000E+000 -2.132533349E-007  0.000000000E+000 
-2.132533349E-007  0.000000000E+000  8.531331468E-009  0.000000000E+000 
2 2
 3.300927259E-007  0.000000000E+000 -1.110715466E-007  0.000000000E+000 
-1.110715466E-007  0.000000000E+000 -3.133776865E-007  0.000000000E+000 
! 3 Gradient Vectors (2x6x3, real)
6 3 ! 1 1 0.0
 0.000000000E+000  0.000000000E+000  0.000000000E+000 
 0.000000000E+000  0.000000000E+000  0.000000000E+000 
 0.000000000E+000  0.000000000E+000  0.000000000E+000 
 0.000000000E+000  0.000000000E+000  0.000000000E+000 
 0.000000000E+000  0.000000000E+000  0.000000000E+000 
 0.000000000E+000  0.000000000E+000  0.000000000E+000 
6 3 ! 1 2 0.0
 6.449370279E-002  7.052446436E-007  4.004218223E-007 
-3.092299856E-002 -4.681324267E-007 -1.890046704E-007 
 7.572798684E-003  2.902115434E-002  1.931600135E-002 
 7.572916631E-003 -2.902146552E-002 -1.931617093E-002 
-2.435820968E-002  3.401433055E-002 -2.620711642E-002 
-2.435820987E-002 -3.401425649E-002  2.620707457E-002 
! 5 Nonadiabatic couplings (ddr) (2x2x6x3)
6 3 ! 1 1 0.0 1 1 0.0
 0.000000000000E+000  0.000000000000E+000  0.000000000000E+000 
 0.000000000000E+000  0.000000000000E+000  0.000000000000E+000 
 0.000000000000E+000  0.000000000000E+000  0.000000000000E+000 
 0.000000000000E+000  0.000000000000E+000  0.000000000000E+000 
 0.000000000000E+000  0.000000000000E+000  0.000000000000E+000 
 0.000000000000E+000  0.000000000000E+000  0.000000000000E+000 
6 3 ! 1 1 0.0 1 2 0.0
 0.000000000000E+000  0.000000000000E+000  0.000000000000E+000 
 0.000000000000E+000  0.000000000000E+000  0.000000000000E+000 
 0.000000000000E+000  0.000000000000E+000  0.000000000000E+000 
 0.000000000000E+000  0.000000000000E+000  0.000000000000E+000 
 0.000000000000E+000  0.000000000000E+000  0.000000000000E+000 
 0.000000000000E+000  0.000000000000E+000  0.000000000000E+000 
6 3 ! 1 2 0.0 1 1 0.0
 0.000000000000E+000  0.000000000000E+000  0.000000000000E+000 
 0.000000000000E+000  0.000000000000E+000  0.000000000000E+000 
 0.000000000000E+000  0.000000000000E+000  0.000000000000E+000 
 0.000000000000E+000  0.000000000000E+000  0.000000000000E+000 
 0.000000000000E+000  0.000000000000E+000  0.000000000000E+000 
 0.000000000000E+000  0.000000000000E+000  0.000000000000E+000 
6 3 ! 1 2 0.0 1 2 0.0
 0.000000000000E+000  0.000000000000E+000  0.000000000000E+000 
 0.000000000000E+000  0.000000000000E+000  0.000000000000E+000 
 0.000000000000E+000  0.000000000000E+000  0.000000000000E+000 
 0.000000000000E+000  0.000000000000E+000  0.000000000000E+000 
 0.000000000000E+000  0.000000000000E+000  0.000000000000E+000 
 0.000000000000E+000  0.000000000000E+000  0.000000000000E+000 
! 7 Phases
2 ! for all nmstates
 1.000000000E+000  0.000000000E+000
 1.000000000E+000  0.000000000E+000
! 8 Runtime
 1.502500000E+004
